Started GET "/" for 192.168.65.1 at 2026-05-18 10:22:27 +0000
  [1m[35m (15.7ms)[0m  [1m[35mCREATE TABLE "schema_migrations" ("version" character varying NOT NULL PRIMARY KEY)[0m
  [1m[35m (4.1ms)[0m  [1m[35mCREATE TABLE "ar_internal_metadata" ("key" character varying NOT NULL PRIMARY KEY, "value" character varying, "created_at" timestamp(6) NOT NULL, "updated_at" timestamp(6) NOT NULL)[0m
  [1m[36mActiveRecord::SchemaMigration Load (0.8ms)[0m  [1m[34mSELECT "schema_migrations"."version" FROM "schema_migrations" ORDER BY "schema_migrations"."version" ASC[0m
  
ActiveRecord::PendingMigrationError (

Migrations are pending. To resolve this issue, run:

        bin/rails db:migrate

You have 6 pending migrations:

db/migrate/20240101000001_create_users.rb
db/migrate/20240101000002_create_sms_headers.rb
db/migrate/20240101000003_create_sms_campaigns.rb
db/migrate/20240101000004_create_sms_messages.rb
db/migrate/20240101000005_create_blacklists.rb
db/migrate/20240101000006_create_inbound_messages.rb


):
  
activerecord (7.1.6) lib/active_record/migration.rb:755:in `check_pending_migrations'
activerecord (7.1.6) lib/active_record/migration.rb:644:in `block (2 levels) in call'
activesupport (7.1.6) lib/active_support/file_update_checker.rb:85:in `execute'
activerecord (7.1.6) lib/active_record/migration.rb:649:in `block in call'
activerecord (7.1.6) lib/active_record/migration.rb:641:in `synchronize'
activerecord (7.1.6) lib/active_record/migration.rb:641:in `call'
actionpack (7.1.6) lib/action_dispatch/middleware/callbacks.rb:29:in `block in call'
activesupport (7.1.6) lib/active_support/callbacks.rb:101:in `run_callbacks'
actionpack (7.1.6) lib/action_dispatch/middleware/callbacks.rb:28:in `call'
actionpack (7.1.6) lib/action_dispatch/middleware/executor.rb:14:in `call'
actionpack (7.1.6) lib/action_dispatch/middleware/actionable_exceptions.rb:16:in `call'
actionpack (7.1.6) lib/action_dispatch/middleware/debug_exceptions.rb:29:in `call'
actionpack (7.1.6) lib/action_dispatch/middleware/show_exceptions.rb:31:in `call'
railties (7.1.6) lib/rails/rack/logger.rb:37:in `call_app'
railties (7.1.6) lib/rails/rack/logger.rb:24:in `block in call'
activesupport (7.1.6) lib/active_support/tagged_logging.rb:139:in `block in tagged'
activesupport (7.1.6) lib/active_support/tagged_logging.rb:39:in `tagged'
activesupport (7.1.6) lib/active_support/tagged_logging.rb:139:in `tagged'
activesupport (7.1.6) lib/active_support/broadcast_logger.rb:241:in `method_missing'
railties (7.1.6) lib/rails/rack/logger.rb:24:in `call'
actionpack (7.1.6) lib/action_dispatch/middleware/remote_ip.rb:92:in `call'
actionpack (7.1.6) lib/action_dispatch/middleware/request_id.rb:28:in `call'
rack (3.2.5) lib/rack/runtime.rb:24:in `call'
activesupport (7.1.6) lib/active_support/cache/strategy/local_cache_middleware.rb:29:in `call'
actionpack (7.1.6) lib/action_dispatch/middleware/server_timing.rb:59:in `block in call'
actionpack (7.1.6) lib/action_dispatch/middleware/server_timing.rb:24:in `collect_events'
actionpack (7.1.6) lib/action_dispatch/middleware/server_timing.rb:58:in `call'
actionpack (7.1.6) lib/action_dispatch/middleware/executor.rb:14:in `call'
actionpack (7.1.6) lib/action_dispatch/middleware/static.rb:25:in `call'
rack (3.2.5) lib/rack/sendfile.rb:131:in `call'
actionpack (7.1.6) lib/action_dispatch/middleware/host_authorization.rb:141:in `call'
rack-cors (3.0.0) lib/rack/cors.rb:102:in `call'
railties (7.1.6) lib/rails/engine.rb:536:in `call'
puma (7.2.0) lib/puma/configuration.rb:296:in `call'
puma (7.2.0) lib/puma/request.rb:103:in `block in handle_request'
puma (7.2.0) lib/puma/thread_pool.rb:355:in `with_force_shutdown'
puma (7.2.0) lib/puma/request.rb:102:in `handle_request'
puma (7.2.0) lib/puma/server.rb:503:in `process_client'
puma (7.2.0) lib/puma/server.rb:262:in `block in run'
puma (7.2.0) lib/puma/thread_pool.rb:182:in `block in spawn_thread'
Started POST "/api/v2/login" for 192.168.65.1 at 2026-05-18 10:23:04 +0000
  [1m[36mActiveRecord::SchemaMigration Load (1.8ms)[0m  [1m[34mSELECT "schema_migrations"."version" FROM "schema_migrations" ORDER BY "schema_migrations"."version" ASC[0m
  
ActiveRecord::PendingMigrationError (

Migrations are pending. To resolve this issue, run:

        bin/rails db:migrate

You have 6 pending migrations:

db/migrate/20240101000001_create_users.rb
db/migrate/20240101000002_create_sms_headers.rb
db/migrate/20240101000003_create_sms_campaigns.rb
db/migrate/20240101000004_create_sms_messages.rb
db/migrate/20240101000005_create_blacklists.rb
db/migrate/20240101000006_create_inbound_messages.rb


):
  
activerecord (7.1.6) lib/active_record/migration.rb:755:in `check_pending_migrations'
activerecord (7.1.6) lib/active_record/migration.rb:644:in `block (2 levels) in call'
activesupport (7.1.6) lib/active_support/file_update_checker.rb:85:in `execute'
activerecord (7.1.6) lib/active_record/migration.rb:649:in `block in call'
activerecord (7.1.6) lib/active_record/migration.rb:641:in `synchronize'
activerecord (7.1.6) lib/active_record/migration.rb:641:in `call'
actionpack (7.1.6) lib/action_dispatch/middleware/callbacks.rb:29:in `block in call'
activesupport (7.1.6) lib/active_support/callbacks.rb:101:in `run_callbacks'
actionpack (7.1.6) lib/action_dispatch/middleware/callbacks.rb:28:in `call'
actionpack (7.1.6) lib/action_dispatch/middleware/executor.rb:14:in `call'
actionpack (7.1.6) lib/action_dispatch/middleware/actionable_exceptions.rb:16:in `call'
actionpack (7.1.6) lib/action_dispatch/middleware/debug_exceptions.rb:29:in `call'
actionpack (7.1.6) lib/action_dispatch/middleware/show_exceptions.rb:31:in `call'
railties (7.1.6) lib/rails/rack/logger.rb:37:in `call_app'
railties (7.1.6) lib/rails/rack/logger.rb:24:in `block in call'
activesupport (7.1.6) lib/active_support/tagged_logging.rb:139:in `block in tagged'
activesupport (7.1.6) lib/active_support/tagged_logging.rb:39:in `tagged'
activesupport (7.1.6) lib/active_support/tagged_logging.rb:139:in `tagged'
activesupport (7.1.6) lib/active_support/broadcast_logger.rb:241:in `method_missing'
railties (7.1.6) lib/rails/rack/logger.rb:24:in `call'
actionpack (7.1.6) lib/action_dispatch/middleware/remote_ip.rb:92:in `call'
actionpack (7.1.6) lib/action_dispatch/middleware/request_id.rb:28:in `call'
rack (3.2.5) lib/rack/runtime.rb:24:in `call'
activesupport (7.1.6) lib/active_support/cache/strategy/local_cache_middleware.rb:29:in `call'
actionpack (7.1.6) lib/action_dispatch/middleware/server_timing.rb:59:in `block in call'
actionpack (7.1.6) lib/action_dispatch/middleware/server_timing.rb:24:in `collect_events'
actionpack (7.1.6) lib/action_dispatch/middleware/server_timing.rb:58:in `call'
actionpack (7.1.6) lib/action_dispatch/middleware/executor.rb:14:in `call'
actionpack (7.1.6) lib/action_dispatch/middleware/static.rb:25:in `call'
rack (3.2.5) lib/rack/sendfile.rb:131:in `call'
actionpack (7.1.6) lib/action_dispatch/middleware/host_authorization.rb:141:in `call'
rack-cors (3.0.0) lib/rack/cors.rb:102:in `call'
railties (7.1.6) lib/rails/engine.rb:536:in `call'
puma (7.2.0) lib/puma/configuration.rb:296:in `call'
puma (7.2.0) lib/puma/request.rb:103:in `block in handle_request'
puma (7.2.0) lib/puma/thread_pool.rb:355:in `with_force_shutdown'
puma (7.2.0) lib/puma/request.rb:102:in `handle_request'
puma (7.2.0) lib/puma/server.rb:503:in `process_client'
puma (7.2.0) lib/puma/server.rb:262:in `block in run'
puma (7.2.0) lib/puma/thread_pool.rb:182:in `block in spawn_thread'
Started POST "/api/v2/lo" for 192.168.65.1 at 2026-05-18 10:23:12 +0000
  [1m[36mActiveRecord::SchemaMigration Load (1.0ms)[0m  [1m[34mSELECT "schema_migrations"."version" FROM "schema_migrations" ORDER BY "schema_migrations"."version" ASC[0m
  
ActiveRecord::PendingMigrationError (

Migrations are pending. To resolve this issue, run:

        bin/rails db:migrate

You have 6 pending migrations:

db/migrate/20240101000001_create_users.rb
db/migrate/20240101000002_create_sms_headers.rb
db/migrate/20240101000003_create_sms_campaigns.rb
db/migrate/20240101000004_create_sms_messages.rb
db/migrate/20240101000005_create_blacklists.rb
db/migrate/20240101000006_create_inbound_messages.rb


):
  
activerecord (7.1.6) lib/active_record/migration.rb:755:in `check_pending_migrations'
activerecord (7.1.6) lib/active_record/migration.rb:644:in `block (2 levels) in call'
activesupport (7.1.6) lib/active_support/file_update_checker.rb:85:in `execute'
activerecord (7.1.6) lib/active_record/migration.rb:649:in `block in call'
activerecord (7.1.6) lib/active_record/migration.rb:641:in `synchronize'
activerecord (7.1.6) lib/active_record/migration.rb:641:in `call'
actionpack (7.1.6) lib/action_dispatch/middleware/callbacks.rb:29:in `block in call'
activesupport (7.1.6) lib/active_support/callbacks.rb:101:in `run_callbacks'
actionpack (7.1.6) lib/action_dispatch/middleware/callbacks.rb:28:in `call'
actionpack (7.1.6) lib/action_dispatch/middleware/executor.rb:14:in `call'
actionpack (7.1.6) lib/action_dispatch/middleware/actionable_exceptions.rb:16:in `call'
actionpack (7.1.6) lib/action_dispatch/middleware/debug_exceptions.rb:29:in `call'
actionpack (7.1.6) lib/action_dispatch/middleware/show_exceptions.rb:31:in `call'
railties (7.1.6) lib/rails/rack/logger.rb:37:in `call_app'
railties (7.1.6) lib/rails/rack/logger.rb:24:in `block in call'
activesupport (7.1.6) lib/active_support/tagged_logging.rb:139:in `block in tagged'
activesupport (7.1.6) lib/active_support/tagged_logging.rb:39:in `tagged'
activesupport (7.1.6) lib/active_support/tagged_logging.rb:139:in `tagged'
activesupport (7.1.6) lib/active_support/broadcast_logger.rb:241:in `method_missing'
railties (7.1.6) lib/rails/rack/logger.rb:24:in `call'
actionpack (7.1.6) lib/action_dispatch/middleware/remote_ip.rb:92:in `call'
actionpack (7.1.6) lib/action_dispatch/middleware/request_id.rb:28:in `call'
rack (3.2.5) lib/rack/runtime.rb:24:in `call'
activesupport (7.1.6) lib/active_support/cache/strategy/local_cache_middleware.rb:29:in `call'
actionpack (7.1.6) lib/action_dispatch/middleware/server_timing.rb:59:in `block in call'
actionpack (7.1.6) lib/action_dispatch/middleware/server_timing.rb:24:in `collect_events'
actionpack (7.1.6) lib/action_dispatch/middleware/server_timing.rb:58:in `call'
actionpack (7.1.6) lib/action_dispatch/middleware/executor.rb:14:in `call'
actionpack (7.1.6) lib/action_dispatch/middleware/static.rb:25:in `call'
rack (3.2.5) lib/rack/sendfile.rb:131:in `call'
actionpack (7.1.6) lib/action_dispatch/middleware/host_authorization.rb:141:in `call'
rack-cors (3.0.0) lib/rack/cors.rb:102:in `call'
railties (7.1.6) lib/rails/engine.rb:536:in `call'
puma (7.2.0) lib/puma/configuration.rb:296:in `call'
puma (7.2.0) lib/puma/request.rb:103:in `block in handle_request'
puma (7.2.0) lib/puma/thread_pool.rb:355:in `with_force_shutdown'
puma (7.2.0) lib/puma/request.rb:102:in `handle_request'
puma (7.2.0) lib/puma/server.rb:503:in `process_client'
puma (7.2.0) lib/puma/server.rb:262:in `block in run'
puma (7.2.0) lib/puma/thread_pool.rb:182:in `block in spawn_thread'
Started POST "/api/v2/login" for 192.168.65.1 at 2026-05-18 10:23:15 +0000
  [1m[36mActiveRecord::SchemaMigration Load (0.7ms)[0m  [1m[34mSELECT "schema_migrations"."version" FROM "schema_migrations" ORDER BY "schema_migrations"."version" ASC[0m
  
ActiveRecord::PendingMigrationError (

Migrations are pending. To resolve this issue, run:

        bin/rails db:migrate

You have 6 pending migrations:

db/migrate/20240101000001_create_users.rb
db/migrate/20240101000002_create_sms_headers.rb
db/migrate/20240101000003_create_sms_campaigns.rb
db/migrate/20240101000004_create_sms_messages.rb
db/migrate/20240101000005_create_blacklists.rb
db/migrate/20240101000006_create_inbound_messages.rb


):
  
activerecord (7.1.6) lib/active_record/migration.rb:755:in `check_pending_migrations'
activerecord (7.1.6) lib/active_record/migration.rb:644:in `block (2 levels) in call'
activesupport (7.1.6) lib/active_support/file_update_checker.rb:85:in `execute'
activerecord (7.1.6) lib/active_record/migration.rb:649:in `block in call'
activerecord (7.1.6) lib/active_record/migration.rb:641:in `synchronize'
activerecord (7.1.6) lib/active_record/migration.rb:641:in `call'
actionpack (7.1.6) lib/action_dispatch/middleware/callbacks.rb:29:in `block in call'
activesupport (7.1.6) lib/active_support/callbacks.rb:101:in `run_callbacks'
actionpack (7.1.6) lib/action_dispatch/middleware/callbacks.rb:28:in `call'
actionpack (7.1.6) lib/action_dispatch/middleware/executor.rb:14:in `call'
actionpack (7.1.6) lib/action_dispatch/middleware/actionable_exceptions.rb:16:in `call'
actionpack (7.1.6) lib/action_dispatch/middleware/debug_exceptions.rb:29:in `call'
actionpack (7.1.6) lib/action_dispatch/middleware/show_exceptions.rb:31:in `call'
railties (7.1.6) lib/rails/rack/logger.rb:37:in `call_app'
railties (7.1.6) lib/rails/rack/logger.rb:24:in `block in call'
activesupport (7.1.6) lib/active_support/tagged_logging.rb:139:in `block in tagged'
activesupport (7.1.6) lib/active_support/tagged_logging.rb:39:in `tagged'
activesupport (7.1.6) lib/active_support/tagged_logging.rb:139:in `tagged'
activesupport (7.1.6) lib/active_support/broadcast_logger.rb:241:in `method_missing'
railties (7.1.6) lib/rails/rack/logger.rb:24:in `call'
actionpack (7.1.6) lib/action_dispatch/middleware/remote_ip.rb:92:in `call'
actionpack (7.1.6) lib/action_dispatch/middleware/request_id.rb:28:in `call'
rack (3.2.5) lib/rack/runtime.rb:24:in `call'
activesupport (7.1.6) lib/active_support/cache/strategy/local_cache_middleware.rb:29:in `call'
actionpack (7.1.6) lib/action_dispatch/middleware/server_timing.rb:59:in `block in call'
actionpack (7.1.6) lib/action_dispatch/middleware/server_timing.rb:24:in `collect_events'
actionpack (7.1.6) lib/action_dispatch/middleware/server_timing.rb:58:in `call'
actionpack (7.1.6) lib/action_dispatch/middleware/executor.rb:14:in `call'
actionpack (7.1.6) lib/action_dispatch/middleware/static.rb:25:in `call'
rack (3.2.5) lib/rack/sendfile.rb:131:in `call'
actionpack (7.1.6) lib/action_dispatch/middleware/host_authorization.rb:141:in `call'
rack-cors (3.0.0) lib/rack/cors.rb:102:in `call'
railties (7.1.6) lib/rails/engine.rb:536:in `call'
puma (7.2.0) lib/puma/configuration.rb:296:in `call'
puma (7.2.0) lib/puma/request.rb:103:in `block in handle_request'
puma (7.2.0) lib/puma/thread_pool.rb:355:in `with_force_shutdown'
puma (7.2.0) lib/puma/request.rb:102:in `handle_request'
puma (7.2.0) lib/puma/server.rb:503:in `process_client'
puma (7.2.0) lib/puma/server.rb:262:in `block in run'
puma (7.2.0) lib/puma/thread_pool.rb:182:in `block in spawn_thread'
  [1m[35m (0.6ms)[0m  [1m[34mSELECT pg_try_advisory_lock(8765788959493316520)[0m
  [1m[36mActiveRecord::SchemaMigration Load (1.2ms)[0m  [1m[34mSELECT "schema_migrations"."version" FROM "schema_migrations" ORDER BY "schema_migrations"."version" ASC[0m
  [1m[36mActiveRecord::InternalMetadata Load (1.7ms)[0m  [1m[34mSELECT * FROM "ar_internal_metadata" WHERE "ar_internal_metadata"."key" = $1 ORDER BY "ar_internal_metadata"."key" ASC LIMIT 1[0m  [[nil, "environment"]]
  [1m[36mActiveRecord::InternalMetadata Create (1.0ms)[0m  [1m[32mINSERT INTO "ar_internal_metadata" ("key", "value", "created_at", "updated_at") VALUES ('environment', 'development', '2026-05-18 10:29:34.370075', '2026-05-18 10:29:34.370079') RETURNING "key"[0m
Migrating to CreateUsers (20240101000001)
  [1m[36mTRANSACTION (0.2ms)[0m  [1m[35mBEGIN[0m
  [1m[35m (8.6ms)[0m  [1m[35mCREATE TABLE "users" ("id" bigserial primary key, "username" character varying NOT NULL, "password_digest" character varying NOT NULL, "credits" decimal(10,2) DEFAULT 100.0, "active" boolean DEFAULT TRUE, "created_at" timestamp(6) NOT NULL, "updated_at" timestamp(6) NOT NULL)[0m
  [1m[35m (2.3ms)[0m  [1m[35mCREATE UNIQUE INDEX "index_users_on_username" ON "users" ("username")[0m
  [1m[36mActiveRecord::SchemaMigration Create (0.5ms)[0m  [1m[32mINSERT INTO "schema_migrations" ("version") VALUES ('20240101000001') RETURNING "version"[0m
  [1m[36mTRANSACTION (0.9ms)[0m  [1m[35mCOMMIT[0m
Migrating to CreateSmsHeaders (20240101000002)
  [1m[36mTRANSACTION (0.2ms)[0m  [1m[35mBEGIN[0m
  [1m[35m (4.2ms)[0m  [1m[35mCREATE TABLE "sms_headers" ("id" bigserial primary key, "user_id" bigint NOT NULL, "name" character varying NOT NULL, "active" boolean DEFAULT TRUE, "created_at" timestamp(6) NOT NULL, "updated_at" timestamp(6) NOT NULL, CONSTRAINT "fk_rails_dec7d018b7"
FOREIGN KEY ("user_id")
  REFERENCES "users" ("id")
)[0m
  [1m[35m (1.6ms)[0m  [1m[35mCREATE INDEX "index_sms_headers_on_user_id" ON "sms_headers" ("user_id")[0m
  [1m[36mActiveRecord::SchemaMigration Create (0.4ms)[0m  [1m[32mINSERT INTO "schema_migrations" ("version") VALUES ('20240101000002') RETURNING "version"[0m
  [1m[36mTRANSACTION (2.1ms)[0m  [1m[35mCOMMIT[0m
Migrating to CreateSmsCampaigns (20240101000003)
  [1m[36mTRANSACTION (0.2ms)[0m  [1m[35mBEGIN[0m
  [1m[35m (10.1ms)[0m  [1m[35mCREATE TABLE "sms_campaigns" ("id" bigserial primary key, "user_id" bigint NOT NULL, "custom_id" character varying, "source_addr" character varying, "valid_for" character varying DEFAULT '24:00', "datacoding" integer DEFAULT 0, "is_commercial" boolean DEFAULT FALSE, "iys_recipient_type" character varying, "send_at" timestamp(6), "status" character varying DEFAULT 'pending', "total_messages" integer DEFAULT 0, "total_credits" decimal(10,2) DEFAULT 0.0, "created_at" timestamp(6) NOT NULL, "updated_at" timestamp(6) NOT NULL, CONSTRAINT "fk_rails_f45df49762"
FOREIGN KEY ("user_id")
  REFERENCES "users" ("id")
)[0m
  [1m[35m (1.6ms)[0m  [1m[35mCREATE INDEX "index_sms_campaigns_on_user_id" ON "sms_campaigns" ("user_id")[0m
  [1m[35m (2.1ms)[0m  [1m[35mCREATE INDEX "index_sms_campaigns_on_custom_id" ON "sms_campaigns" ("custom_id")[0m
  [1m[35m (2.8ms)[0m  [1m[35mCREATE INDEX "index_sms_campaigns_on_status" ON "sms_campaigns" ("status")[0m
  [1m[36mActiveRecord::SchemaMigration Create (0.4ms)[0m  [1m[32mINSERT INTO "schema_migrations" ("version") VALUES ('20240101000003') RETURNING "version"[0m
  [1m[36mTRANSACTION (0.6ms)[0m  [1m[35mCOMMIT[0m
Migrating to CreateSmsMessages (20240101000004)
  [1m[36mTRANSACTION (0.1ms)[0m  [1m[35mBEGIN[0m
  [1m[35m (5.7ms)[0m  [1m[35mCREATE TABLE "sms_messages" ("id" bigserial primary key, "sms_campaign_id" bigint NOT NULL, "custom_id" character varying, "dest" character varying NOT NULL, "msg" text NOT NULL, "size" integer DEFAULT 1, "international_multiplier" integer DEFAULT 1, "credits" decimal(10,2) DEFAULT 1.0, "status" character varying DEFAULT 'SENDING', "gsm_error" character varying, "sent_at" timestamp(6), "done_at" timestamp(6), "created_at" timestamp(6) NOT NULL, "updated_at" timestamp(6) NOT NULL, CONSTRAINT "fk_rails_b41bc533cf"
FOREIGN KEY ("sms_campaign_id")
  REFERENCES "sms_campaigns" ("id")
)[0m
  [1m[35m (3.6ms)[0m  [1m[35mCREATE INDEX "index_sms_messages_on_sms_campaign_id" ON "sms_messages" ("sms_campaign_id")[0m
  [1m[35m (6.4ms)[0m  [1m[35mCREATE INDEX "index_sms_messages_on_dest" ON "sms_messages" ("dest")[0m
  [1m[35m (23.3ms)[0m  [1m[35mCREATE INDEX "index_sms_messages_on_status" ON "sms_messages" ("status")[0m
  [1m[36mActiveRecord::SchemaMigration Create (1.1ms)[0m  [1m[32mINSERT INTO "schema_migrations" ("version") VALUES ('20240101000004') RETURNING "version"[0m
  [1m[36mTRANSACTION (1.1ms)[0m  [1m[35mCOMMIT[0m
Migrating to CreateBlacklists (20240101000005)
  [1m[36mTRANSACTION (0.2ms)[0m  [1m[35mBEGIN[0m
  [1m[35m (15.1ms)[0m  [1m[35mCREATE TABLE "blacklists" ("id" bigserial primary key, "user_id" bigint NOT NULL, "phone" character varying NOT NULL, "created_at" timestamp(6) NOT NULL, "updated_at" timestamp(6) NOT NULL, CONSTRAINT "fk_rails_23fa4463b8"
FOREIGN KEY ("user_id")
  REFERENCES "users" ("id")
)[0m
  [1m[35m (2.9ms)[0m  [1m[35mCREATE INDEX "index_blacklists_on_user_id" ON "blacklists" ("user_id")[0m
  [1m[35m (2.3ms)[0m  [1m[35mCREATE UNIQUE INDEX "index_blacklists_on_user_id_and_phone" ON "blacklists" ("user_id", "phone")[0m
  [1m[36mActiveRecord::SchemaMigration Create (0.4ms)[0m  [1m[32mINSERT INTO "schema_migrations" ("version") VALUES ('20240101000005') RETURNING "version"[0m
  [1m[36mTRANSACTION (0.5ms)[0m  [1m[35mCOMMIT[0m
Migrating to CreateInboundMessages (20240101000006)
  [1m[36mTRANSACTION (0.3ms)[0m  [1m[35mBEGIN[0m
  [1m[35m (8.7ms)[0m  [1m[35mCREATE TABLE "inbound_messages" ("id" bigserial primary key, "user_id" bigint NOT NULL, "network" character varying, "source_addr" character varying, "destination_addr" character varying, "keyword" character varying, "content" text, "received_at" timestamp(6), "created_at" timestamp(6) NOT NULL, "updated_at" timestamp(6) NOT NULL, CONSTRAINT "fk_rails_b4a8638d4c"
FOREIGN KEY ("user_id")
  REFERENCES "users" ("id")
)[0m
  [1m[35m (4.0ms)[0m  [1m[35mCREATE INDEX "index_inbound_messages_on_user_id" ON "inbound_messages" ("user_id")[0m
  [1m[36mActiveRecord::SchemaMigration Create (0.2ms)[0m  [1m[32mINSERT INTO "schema_migrations" ("version") VALUES ('20240101000006') RETURNING "version"[0m
  [1m[36mTRANSACTION (0.5ms)[0m  [1m[35mCOMMIT[0m
  [1m[35m (0.3ms)[0m  [1m[34mSELECT pg_advisory_unlock(8765788959493316520)[0m
  [1m[36mActiveRecord::SchemaMigration Load (0.2ms)[0m  [1m[34mSELECT "schema_migrations"."version" FROM "schema_migrations" ORDER BY "schema_migrations"."version" ASC[0m
Started POST "/api/v2/login" for 192.168.65.1 at 2026-05-18 10:30:01 +0000
  [1m[36mActiveRecord::SchemaMigration Load (1.1ms)[0m  [1m[34mSELECT "schema_migrations"."version" FROM "schema_migrations" ORDER BY "schema_migrations"."version" ASC[0m
Processing by Api::V2::AuthController#login as */*
  [1m[36mUser Load (0.8ms)[0m  [1m[34mSELECT "users".* FROM "users" WHERE "users"."username" IS NULL LIMIT $1[0m  [["LIMIT", 1]]
  ↳ app/controllers/api/v2/auth_controller.rb:7:in `login'
Completed 401 Unauthorized in 136ms (Views: 1.5ms | ActiveRecord: 10.3ms | Allocations: 21321)


  [1m[36mActiveRecord::SchemaMigration Load (1.1ms)[0m  [1m[34mSELECT "schema_migrations"."version" FROM "schema_migrations" ORDER BY "schema_migrations"."version" ASC[0m
  [1m[36mUser Load (0.5ms)[0m  [1m[34mSELECT "users".* FROM "users" WHERE "users"."username" = $1 LIMIT $2[0m  [["username", "demo_user"], ["LIMIT", 1]]
  [1m[36mTRANSACTION (0.2ms)[0m  [1m[35mBEGIN[0m
  [1m[36mUser Exists? (1.5ms)[0m  [1m[34mSELECT 1 AS one FROM "users" WHERE "users"."username" = $1 LIMIT $2[0m  [["username", "demo_user"], ["LIMIT", 1]]
  [1m[36mUser Create (1.1ms)[0m  [1m[32mINSERT INTO "users" ("username", "password_digest", "credits", "active", "created_at", "updated_at") VALUES ($1, $2, $3, $4, $5, $6) RETURNING "id"[0m  [["username", "demo_user"], ["password_digest", "[FILTERED]"], ["credits", "100.0"], ["active", true], ["created_at", "2026-05-18 10:34:46.168495"], ["updated_at", "2026-05-18 10:34:46.168495"]]
  [1m[36mTRANSACTION (4.2ms)[0m  [1m[35mCOMMIT[0m
  [1m[36mSmsHeader Load (0.4ms)[0m  [1m[34mSELECT "sms_headers".* FROM "sms_headers" WHERE "sms_headers"."user_id" = $1 AND "sms_headers"."name" = $2 LIMIT $3[0m  [["user_id", 1], ["name", "DEMOHDR"], ["LIMIT", 1]]
  [1m[36mTRANSACTION (0.2ms)[0m  [1m[35mBEGIN[0m
  [1m[36mSmsHeader Exists? (1.3ms)[0m  [1m[34mSELECT 1 AS one FROM "sms_headers" WHERE "sms_headers"."name" = $1 AND "sms_headers"."user_id" = $2 LIMIT $3[0m  [["name", "DEMOHDR"], ["user_id", 1], ["LIMIT", 1]]
  [1m[36mSmsHeader Create (0.8ms)[0m  [1m[32mINSERT INTO "sms_headers" ("user_id", "name", "active", "created_at", "updated_at") VALUES ($1, $2, $3, $4, $5) RETURNING "id"[0m  [["user_id", 1], ["name", "DEMOHDR"], ["active", true], ["created_at", "2026-05-18 10:34:46.201759"], ["updated_at", "2026-05-18 10:34:46.201759"]]
  [1m[36mTRANSACTION (0.7ms)[0m  [1m[35mCOMMIT[0m
  [1m[36mUser Load (0.2ms)[0m  [1m[34mSELECT "users".* FROM "users" WHERE "users"."username" = $1 LIMIT $2[0m  [["username", "vip_user"], ["LIMIT", 1]]
  [1m[36mTRANSACTION (0.3ms)[0m  [1m[35mBEGIN[0m
  [1m[36mUser Exists? (5.4ms)[0m  [1m[34mSELECT 1 AS one FROM "users" WHERE "users"."username" = $1 LIMIT $2[0m  [["username", "vip_user"], ["LIMIT", 1]]
  [1m[36mUser Create (0.6ms)[0m  [1m[32mINSERT INTO "users" ("username", "password_digest", "credits", "active", "created_at", "updated_at") VALUES ($1, $2, $3, $4, $5, $6) RETURNING "id"[0m  [["username", "vip_user"], ["password_digest", "[FILTERED]"], ["credits", "250.0"], ["active", true], ["created_at", "2026-05-18 10:34:46.452080"], ["updated_at", "2026-05-18 10:34:46.452080"]]
  [1m[36mTRANSACTION (0.5ms)[0m  [1m[35mCOMMIT[0m
  [1m[36mSmsHeader Load (0.4ms)[0m  [1m[34mSELECT "sms_headers".* FROM "sms_headers" WHERE "sms_headers"."user_id" = $1 AND "sms_headers"."name" = $2 LIMIT $3[0m  [["user_id", 2], ["name", "VIPHDR"], ["LIMIT", 1]]
  [1m[36mTRANSACTION (0.2ms)[0m  [1m[35mBEGIN[0m
  [1m[36mSmsHeader Exists? (1.2ms)[0m  [1m[34mSELECT 1 AS one FROM "sms_headers" WHERE "sms_headers"."name" = $1 AND "sms_headers"."user_id" = $2 LIMIT $3[0m  [["name", "VIPHDR"], ["user_id", 2], ["LIMIT", 1]]
  [1m[36mSmsHeader Create (0.3ms)[0m  [1m[32mINSERT INTO "sms_headers" ("user_id", "name", "active", "created_at", "updated_at") VALUES ($1, $2, $3, $4, $5) RETURNING "id"[0m  [["user_id", 2], ["name", "VIPHDR"], ["active", true], ["created_at", "2026-05-18 10:34:46.469327"], ["updated_at", "2026-05-18 10:34:46.469327"]]
  [1m[36mTRANSACTION (0.5ms)[0m  [1m[35mCOMMIT[0m
  [1m[36mUser Load (0.2ms)[0m  [1m[34mSELECT "users".* FROM "users" WHERE "users"."username" = $1 LIMIT $2[0m  [["username", "low_credit_user"], ["LIMIT", 1]]
  [1m[36mTRANSACTION (0.3ms)[0m  [1m[35mBEGIN[0m
  [1m[36mUser Exists? (1.5ms)[0m  [1m[34mSELECT 1 AS one FROM "users" WHERE "users"."username" = $1 LIMIT $2[0m  [["username", "low_credit_user"], ["LIMIT", 1]]
  [1m[36mUser Create (0.3ms)[0m  [1m[32mINSERT INTO "users" ("username", "password_digest", "credits", "active", "created_at", "updated_at") VALUES ($1, $2, $3, $4, $5, $6) RETURNING "id"[0m  [["username", "low_credit_user"], ["password_digest", "[FILTERED]"], ["credits", "0.0"], ["active", true], ["created_at", "2026-05-18 10:34:46.741576"], ["updated_at", "2026-05-18 10:34:46.741576"]]
  [1m[36mTRANSACTION (0.4ms)[0m  [1m[35mCOMMIT[0m
  [1m[36mSmsHeader Load (0.2ms)[0m  [1m[34mSELECT "sms_headers".* FROM "sms_headers" WHERE "sms_headers"."user_id" = $1 AND "sms_headers"."name" = $2 LIMIT $3[0m  [["user_id", 3], ["name", "LOWHDR"], ["LIMIT", 1]]
  [1m[36mTRANSACTION (0.1ms)[0m  [1m[35mBEGIN[0m
  [1m[36mSmsHeader Exists? (0.9ms)[0m  [1m[34mSELECT 1 AS one FROM "sms_headers" WHERE "sms_headers"."name" = $1 AND "sms_headers"."user_id" = $2 LIMIT $3[0m  [["name", "LOWHDR"], ["user_id", 3], ["LIMIT", 1]]
  [1m[36mSmsHeader Create (0.3ms)[0m  [1m[32mINSERT INTO "sms_headers" ("user_id", "name", "active", "created_at", "updated_at") VALUES ($1, $2, $3, $4, $5) RETURNING "id"[0m  [["user_id", 3], ["name", "LOWHDR"], ["active", true], ["created_at", "2026-05-18 10:34:46.747026"], ["updated_at", "2026-05-18 10:34:46.747026"]]
  [1m[36mTRANSACTION (0.4ms)[0m  [1m[35mCOMMIT[0m
  [1m[36mSmsCampaign Load (0.8ms)[0m  [1m[34mSELECT "sms_campaigns".* FROM "sms_campaigns" WHERE "sms_campaigns"."user_id" = $1 AND "sms_campaigns"."custom_id" = $2 LIMIT $3[0m  [["user_id", 1], ["custom_id", "seed-reports-001"], ["LIMIT", 1]]
  [1m[36mTRANSACTION (0.2ms)[0m  [1m[35mBEGIN[0m
  [1m[36mSmsCampaign Create (1.7ms)[0m  [1m[32mINSERT INTO "sms_campaigns" ("user_id", "custom_id", "source_addr", "valid_for", "datacoding", "is_commercial", "iys_recipient_type", "send_at", "status", "total_messages", "total_credits", "created_at", "updated_at") VALUES ($1, $2, $3, $4, $5, $6, $7, $8, $9, $10, $11, $12, $13) RETURNING "id"[0m  [["user_id", 1], ["custom_id", "seed-reports-001"], ["source_addr", "DEMOHDR"], ["valid_for", "24:00"], ["datacoding", 0], ["is_commercial", false], ["iys_recipient_type", nil], ["send_at", nil], ["status", "completed"], ["total_messages", 3], ["total_credits", "3.0"], ["created_at", "2026-05-18 10:34:46.766378"], ["updated_at", "2026-05-18 10:34:46.766378"]]
  [1m[36mTRANSACTION (0.5ms)[0m  [1m[35mCOMMIT[0m
  [1m[36mSmsMessage Load (0.6ms)[0m  [1m[34mSELECT "sms_messages".* FROM "sms_messages" WHERE "sms_messages"."sms_campaign_id" = $1 AND "sms_messages"."custom_id" = $2 LIMIT $3[0m  [["sms_campaign_id", 1], ["custom_id", "seed-msg-001"], ["LIMIT", 1]]
  [1m[36mTRANSACTION (0.1ms)[0m  [1m[35mBEGIN[0m
  [1m[36mSmsMessage Create (2.3ms)[0m  [1m[32mINSERT INTO "sms_messages" ("sms_campaign_id", "custom_id", "dest", "msg", "size", "international_multiplier", "credits", "status", "gsm_error", "sent_at", "done_at", "created_at", "updated_at") VALUES ($1, $2, $3, $4, $5, $6, $7, $8, $9, $10, $11, $12, $13) RETURNING "id"[0m  [["sms_campaign_id", 1], ["custom_id", "seed-msg-001"], ["dest", "905551111111"], ["msg", "Seed message 1"], ["size", 1], ["international_multiplier", 1], ["credits", "1.0"], ["status", "DELIVERED"], ["gsm_error", nil], ["sent_at", nil], ["done_at", nil], ["created_at", "2026-05-18 10:34:46.783106"], ["updated_at", "2026-05-18 10:34:46.783106"]]
  [1m[36mTRANSACTION (0.5ms)[0m  [1m[35mCOMMIT[0m
  [1m[36mSmsMessage Load (0.3ms)[0m  [1m[34mSELECT "sms_messages".* FROM "sms_messages" WHERE "sms_messages"."sms_campaign_id" = $1 AND "sms_messages"."custom_id" = $2 LIMIT $3[0m  [["sms_campaign_id", 1], ["custom_id", "seed-msg-002"], ["LIMIT", 1]]
  [1m[36mTRANSACTION (0.2ms)[0m  [1m[35mBEGIN[0m
  [1m[36mSmsMessage Create (1.7ms)[0m  [1m[32mINSERT INTO "sms_messages" ("sms_campaign_id", "custom_id", "dest", "msg", "size", "international_multiplier", "credits", "status", "gsm_error", "sent_at", "done_at", "created_at", "updated_at") VALUES ($1, $2, $3, $4, $5, $6, $7, $8, $9, $10, $11, $12, $13) RETURNING "id"[0m  [["sms_campaign_id", 1], ["custom_id", "seed-msg-002"], ["dest", "905552222222"], ["msg", "Seed message 2"], ["size", 1], ["international_multiplier", 1], ["credits", "1.0"], ["status", "DELIVERED"], ["gsm_error", nil], ["sent_at", nil], ["done_at", nil], ["created_at", "2026-05-18 10:34:46.789998"], ["updated_at", "2026-05-18 10:34:46.789998"]]
  [1m[36mTRANSACTION (0.4ms)[0m  [1m[35mCOMMIT[0m
  [1m[36mSmsMessage Load (0.4ms)[0m  [1m[34mSELECT "sms_messages".* FROM "sms_messages" WHERE "sms_messages"."sms_campaign_id" = $1 AND "sms_messages"."custom_id" = $2 LIMIT $3[0m  [["sms_campaign_id", 1], ["custom_id", "seed-msg-003"], ["LIMIT", 1]]
  [1m[36mTRANSACTION (0.2ms)[0m  [1m[35mBEGIN[0m
  [1m[36mSmsMessage Create (4.1ms)[0m  [1m[32mINSERT INTO "sms_messages" ("sms_campaign_id", "custom_id", "dest", "msg", "size", "international_multiplier", "credits", "status", "gsm_error", "sent_at", "done_at", "created_at", "updated_at") VALUES ($1, $2, $3, $4, $5, $6, $7, $8, $9, $10, $11, $12, $13) RETURNING "id"[0m  [["sms_campaign_id", 1], ["custom_id", "seed-msg-003"], ["dest", "905553333333"], ["msg", "Seed message 3"], ["size", 1], ["international_multiplier", 1], ["credits", "1.0"], ["status", "SENT"], ["gsm_error", nil], ["sent_at", nil], ["done_at", nil], ["created_at", "2026-05-18 10:34:46.799415"], ["updated_at", "2026-05-18 10:34:46.799415"]]
  [1m[36mTRANSACTION (0.9ms)[0m  [1m[35mCOMMIT[0m
  [1m[36mSmsMessage Count (0.5ms)[0m  [1m[34mSELECT COUNT(*) FROM "sms_messages" WHERE "sms_messages"."sms_campaign_id" = $1[0m  [["sms_campaign_id", 1]]
Started POST "/api/v2/login" for 192.168.65.1 at 2026-05-18 10:35:41 +0000
Processing by Api::V2::AuthController#login as */*
  Parameters: {"username"=>"a", "password"=>"[FILTERED]", "auth"=>{"username"=>"a", "password"=>"[FILTERED]"}}
  [1m[36mUser Load (1.3ms)[0m  [1m[34mSELECT "users".* FROM "users" WHERE "users"."username" = $1 LIMIT $2[0m  [["username", "a"], ["LIMIT", 1]]
  ↳ app/controllers/api/v2/auth_controller.rb:7:in `login'
Completed 401 Unauthorized in 15ms (Views: 0.5ms | ActiveRecord: 1.3ms | Allocations: 699)


Started POST "/api/v2/login" for 192.168.65.1 at 2026-05-18 10:35:51 +0000
Processing by Api::V2::AuthController#login as */*
  Parameters: {"username"=>"demo_user", "password"=>"[FILTERED]", "auth"=>{"username"=>"demo_user", "password"=>"[FILTERED]"}}
  [1m[36mUser Load (1.3ms)[0m  [1m[34mSELECT "users".* FROM "users" WHERE "users"."username" = $1 LIMIT $2[0m  [["username", "demo_user"], ["LIMIT", 1]]
  ↳ app/controllers/api/v2/auth_controller.rb:7:in `login'
Completed 401 Unauthorized in 300ms (Views: 0.5ms | ActiveRecord: 8.8ms | Allocations: 6651)


Started POST "/api/v2/login" for 192.168.65.1 at 2026-05-18 10:35:57 +0000
Processing by Api::V2::AuthController#login as */*
  Parameters: {"username"=>"a", "password"=>"[FILTERED]", "auth"=>{"username"=>"a", "password"=>"[FILTERED]"}}
  [1m[36mUser Load (0.3ms)[0m  [1m[34mSELECT "users".* FROM "users" WHERE "users"."username" = $1 LIMIT $2[0m  [["username", "a"], ["LIMIT", 1]]
  ↳ app/controllers/api/v2/auth_controller.rb:7:in `login'
Completed 401 Unauthorized in 2ms (Views: 0.1ms | ActiveRecord: 0.3ms | Allocations: 468)


Started POST "/api/v2/login" for 192.168.65.1 at 2026-05-18 10:36:22 +0000
Processing by Api::V2::AuthController#login as */*
  Parameters: {"username"=>"demo_user", "password"=>"[FILTERED]", "auth"=>{"username"=>"demo_user", "password"=>"[FILTERED]"}}
  [1m[36mUser Load (4.3ms)[0m  [1m[34mSELECT "users".* FROM "users" WHERE "users"."username" = $1 LIMIT $2[0m  [["username", "demo_user"], ["LIMIT", 1]]
  ↳ app/controllers/api/v2/auth_controller.rb:7:in `login'
DEPRECATION WARNING: `Rails.application.secrets` is deprecated in favor of `Rails.application.credentials` and will be removed in Rails 7.2. (called from generate_token at /rails/app/controllers/api/v2/auth_controller.rb:24)
Completed 200 OK in 276ms (Views: 2.1ms | ActiveRecord: 4.1ms | Allocations: 1057)


Started GET "/api/v2/balance" for 192.168.65.1 at 2026-05-18 10:38:07 +0000
Processing by Api::V2::BalanceController#show as */*
  Parameters: {"username"=>"demo_user", "password"=>"[FILTERED]", "balance"=>{"username"=>"demo_user", "password"=>"[FILTERED]"}}
Filter chain halted as :authenticate_request! rendered or redirected
Completed 401 Unauthorized in 2ms (Views: 0.5ms | ActiveRecord: 0.0ms | Allocations: 151)


Started GET "/api/v2/balance" for 192.168.65.1 at 2026-05-18 10:38:43 +0000
Processing by Api::V2::BalanceController#show as */*
  Parameters: {"username"=>"demo_user", "password"=>"[FILTERED]", "balance"=>{"username"=>"demo_user", "password"=>"[FILTERED]"}}
Filter chain halted as :authenticate_request! rendered or redirected
Completed 401 Unauthorized in 3ms (Views: 1.1ms | ActiveRecord: 0.0ms | Allocations: 77)


Started GET "/api/v2/balance" for 192.168.65.1 at 2026-05-18 10:39:04 +0000
Processing by Api::V2::BalanceController#show as */*
  Parameters: {"username"=>"demo_user", "password"=>"[FILTERED]", "balance"=>{"username"=>"demo_user", "password"=>"[FILTERED]"}}
Filter chain halted as :authenticate_request! rendered or redirected
Completed 401 Unauthorized in 2ms (Views: 0.8ms | ActiveRecord: 0.0ms | Allocations: 77)


Started GET "/api/v2/balance" for 192.168.65.1 at 2026-05-18 10:39:31 +0000
Processing by Api::V2::BalanceController#show as */*
  Parameters: {"username"=>"demo_user", "password"=>"[FILTERED]", "balance"=>{"username"=>"demo_user", "password"=>"[FILTERED]"}}
Filter chain halted as :authenticate_request! rendered or redirected
Completed 401 Unauthorized in 1ms (Views: 0.2ms | ActiveRecord: 0.0ms | Allocations: 79)


Started GET "/api/v2/balance" for 192.168.65.1 at 2026-05-18 10:40:05 +0000
Processing by Api::V2::BalanceController#show as */*
  Parameters: {"username"=>"demo_user", "password"=>"[FILTERED]", "balance"=>{"username"=>"demo_user", "password"=>"[FILTERED]"}}
Filter chain halted as :authenticate_request! rendered or redirected
Completed 401 Unauthorized in 4ms (Views: 1.8ms | ActiveRecord: 0.0ms | Allocations: 78)


Started GET "/api/v2/balance" for 192.168.65.1 at 2026-05-18 10:40:14 +0000
Processing by Api::V2::BalanceController#show as */*
  Parameters: {"username"=>"demo_user", "password"=>"[FILTERED]", "balance"=>{"username"=>"demo_user", "password"=>"[FILTERED]"}}
Filter chain halted as :authenticate_request! rendered or redirected
Completed 401 Unauthorized in 1ms (Views: 0.2ms | ActiveRecord: 0.0ms | Allocations: 78)


Started GET "/api/v2/balance" for 192.168.65.1 at 2026-05-18 10:40:26 +0000
Processing by Api::V2::BalanceController#show as */*
  Parameters: {"username"=>"demo_user", "password"=>"[FILTERED]", "balance"=>{"username"=>"demo_user", "password"=>"[FILTERED]"}}
Filter chain halted as :authenticate_request! rendered or redirected
Completed 401 Unauthorized in 0ms (Views: 0.2ms | ActiveRecord: 0.0ms | Allocations: 78)


Started GET "/api/v2/balance" for 192.168.65.1 at 2026-05-18 10:40:41 +0000
Processing by Api::V2::BalanceController#show as */*
  Parameters: {"username"=>"demo_user", "password"=>"[FILTERED]", "balance"=>{"username"=>"demo_user", "password"=>"[FILTERED]"}}
Filter chain halted as :authenticate_request! rendered or redirected
Completed 401 Unauthorized in 2ms (Views: 0.7ms | ActiveRecord: 0.0ms | Allocations: 78)


Started GET "/api/v2/balance" for 192.168.65.1 at 2026-05-18 10:41:24 +0000
Processing by Api::V2::BalanceController#show as */*
  Parameters: {"username"=>"demo_user", "password"=>"[FILTERED]", "balance"=>{"username"=>"demo_user", "password"=>"[FILTERED]"}}
DEPRECATION WARNING: `Rails.application.secrets` is deprecated in favor of `Rails.application.credentials` and will be removed in Rails 7.2. (called from decode_token at /rails/app/controllers/application_controller.rb:54)
  [1m[36mUser Load (1.1ms)[0m  [1m[34mSELECT "users".* FROM "users" WHERE "users"."id" = $1 LIMIT $2[0m  [["id", 1], ["LIMIT", 1]]
  ↳ app/controllers/application_controller.rb:15:in `authenticate_request!'
Completed 200 OK in 30ms (Views: 3.0ms | ActiveRecord: 1.1ms | Allocations: 1006)


Started GET "/api/v2/balance" for 192.168.65.1 at 2026-05-18 10:43:35 +0000
Processing by Api::V2::BalanceController#show as */*
Filter chain halted as :authenticate_request! rendered or redirected
Completed 401 Unauthorized in 3ms (Views: 1.9ms | ActiveRecord: 0.0ms | Allocations: 140)


Started GET "/api/v2/balance" for 192.168.65.1 at 2026-05-18 10:43:43 +0000
Processing by Api::V2::BalanceController#show as */*
Filter chain halted as :authenticate_request! rendered or redirected
Completed 401 Unauthorized in 0ms (Views: 0.1ms | ActiveRecord: 0.0ms | Allocations: 78)


Started GET "/api/v2/balance" for 192.168.65.1 at 2026-05-18 10:43:50 +0000
Processing by Api::V2::BalanceController#show as */*
Filter chain halted as :authenticate_request! rendered or redirected
Completed 401 Unauthorized in 3ms (Views: 0.8ms | ActiveRecord: 0.0ms | Allocations: 78)


Started GET "/api/v2/balance" for 192.168.65.1 at 2026-05-18 10:43:57 +0000
Processing by Api::V2::BalanceController#show as */*
Filter chain halted as :authenticate_request! rendered or redirected
Completed 401 Unauthorized in 0ms (Views: 0.1ms | ActiveRecord: 0.0ms | Allocations: 78)


Started GET "/api/v2/balance" for 192.168.65.1 at 2026-05-18 10:44:12 +0000
Processing by Api::V2::BalanceController#show as */*
DEPRECATION WARNING: `Rails.application.secrets` is deprecated in favor of `Rails.application.credentials` and will be removed in Rails 7.2. (called from decode_token at /rails/app/controllers/application_controller.rb:54)
  [1m[36mUser Load (0.5ms)[0m  [1m[34mSELECT "users".* FROM "users" WHERE "users"."id" = $1 LIMIT $2[0m  [["id", 1], ["LIMIT", 1]]
  ↳ app/controllers/application_controller.rb:15:in `authenticate_request!'
Completed 200 OK in 36ms (Views: 0.2ms | ActiveRecord: 6.5ms | Allocations: 6309)


Started GET "/api/v2/balance" for 192.168.65.1 at 2026-05-18 10:44:57 +0000
Processing by Api::V2::BalanceController#show as */*
DEPRECATION WARNING: `Rails.application.secrets` is deprecated in favor of `Rails.application.credentials` and will be removed in Rails 7.2. (called from decode_token at /rails/app/controllers/application_controller.rb:54)
  [1m[36mUser Load (3.4ms)[0m  [1m[34mSELECT "users".* FROM "users" WHERE "users"."id" = $1 LIMIT $2[0m  [["id", 1], ["LIMIT", 1]]
  ↳ app/controllers/application_controller.rb:15:in `authenticate_request!'
Completed 200 OK in 26ms (Views: 0.3ms | ActiveRecord: 3.6ms | Allocations: 649)


Started POST "/api/v2/login" for 192.168.65.1 at 2026-05-18 10:45:14 +0000
Processing by Api::V2::AuthController#login as */*
  Parameters: {"username"=>"vip_user", "password"=>"[FILTERED]", "auth"=>{"username"=>"vip_user", "password"=>"[FILTERED]"}}
  [1m[36mUser Load (2.0ms)[0m  [1m[34mSELECT "users".* FROM "users" WHERE "users"."username" = $1 LIMIT $2[0m  [["username", "vip_user"], ["LIMIT", 1]]
  ↳ app/controllers/api/v2/auth_controller.rb:7:in `login'
DEPRECATION WARNING: `Rails.application.secrets` is deprecated in favor of `Rails.application.credentials` and will be removed in Rails 7.2. (called from generate_token at /rails/app/controllers/api/v2/auth_controller.rb:24)
Completed 200 OK in 513ms (Views: 0.6ms | ActiveRecord: 1.9ms | Allocations: 831)


Started GET "/api/v2/balance" for 192.168.65.1 at 2026-05-18 10:45:22 +0000
Processing by Api::V2::BalanceController#show as */*
DEPRECATION WARNING: `Rails.application.secrets` is deprecated in favor of `Rails.application.credentials` and will be removed in Rails 7.2. (called from decode_token at /rails/app/controllers/application_controller.rb:54)
  [1m[36mUser Load (2.1ms)[0m  [1m[34mSELECT "users".* FROM "users" WHERE "users"."id" = $1 LIMIT $2[0m  [["id", 2], ["LIMIT", 1]]
  ↳ app/controllers/application_controller.rb:15:in `authenticate_request!'
Completed 200 OK in 22ms (Views: 0.2ms | ActiveRecord: 2.2ms | Allocations: 659)


Started POST "/api/v2/login" for 192.168.65.1 at 2026-05-18 10:45:37 +0000
Processing by Api::V2::AuthController#login as */*
  Parameters: {"username"=>"low_credit_user", "password"=>"[FILTERED]", "auth"=>{"username"=>"low_credit_user", "password"=>"[FILTERED]"}}
  [1m[36mUser Load (9.3ms)[0m  [1m[34mSELECT "users".* FROM "users" WHERE "users"."username" = $1 LIMIT $2[0m  [["username", "low_credit_user"], ["LIMIT", 1]]
  ↳ app/controllers/api/v2/auth_controller.rb:7:in `login'
DEPRECATION WARNING: `Rails.application.secrets` is deprecated in favor of `Rails.application.credentials` and will be removed in Rails 7.2. (called from generate_token at /rails/app/controllers/api/v2/auth_controller.rb:24)
Completed 200 OK in 266ms (Views: 0.4ms | ActiveRecord: 9.2ms | Allocations: 664)


Started GET "/api/v2/balance" for 192.168.65.1 at 2026-05-18 10:45:48 +0000
Processing by Api::V2::BalanceController#show as */*
DEPRECATION WARNING: `Rails.application.secrets` is deprecated in favor of `Rails.application.credentials` and will be removed in Rails 7.2. (called from decode_token at /rails/app/controllers/application_controller.rb:54)
  [1m[36mUser Load (0.5ms)[0m  [1m[34mSELECT "users".* FROM "users" WHERE "users"."id" = $1 LIMIT $2[0m  [["id", 3], ["LIMIT", 1]]
  ↳ app/controllers/application_controller.rb:15:in `authenticate_request!'
Completed 200 OK in 6ms (Views: 0.1ms | ActiveRecord: 0.4ms | Allocations: 636)


Started GET "/api/v2/balance" for 192.168.65.1 at 2026-05-18 10:46:02 +0000
Processing by Api::V2::BalanceController#show as */*
DEPRECATION WARNING: `Rails.application.secrets` is deprecated in favor of `Rails.application.credentials` and will be removed in Rails 7.2. (called from decode_token at /rails/app/controllers/application_controller.rb:54)
  [1m[36mUser Load (1.4ms)[0m  [1m[34mSELECT "users".* FROM "users" WHERE "users"."id" = $1 LIMIT $2[0m  [["id", 1], ["LIMIT", 1]]
  ↳ app/controllers/application_controller.rb:15:in `authenticate_request!'
Completed 200 OK in 16ms (Views: 0.3ms | ActiveRecord: 1.3ms | Allocations: 636)


Started GET "/api/v2/balance" for 192.168.65.1 at 2026-05-18 10:51:53 +0000
  
SyntaxError (/rails/app/controllers/api/v2/balance_controller.rb:18: syntax error, unexpected `rescue', expecting `end' or dummy end
      rescue Redis::BaseError
      ^~~~~~
/rails/app/controllers/api/v2/balance_controller.rb:23: syntax error, unexpected end-of-input):
  
app/controllers/api/v2/balance_controller.rb:18: syntax error, unexpected `rescue', expecting `end' or dummy end
app/controllers/api/v2/balance_controller.rb:23: syntax error, unexpected end-of-input
Started GET "/api/v2/balance" for 192.168.65.1 at 2026-05-18 10:52:05 +0000
  
SyntaxError (/rails/app/controllers/api/v2/balance_controller.rb:18: syntax error, unexpected `rescue', expecting `end' or dummy end
      rescue Redis::BaseError
      ^~~~~~
/rails/app/controllers/api/v2/balance_controller.rb:23: syntax error, unexpected end-of-input):
  
app/controllers/api/v2/balance_controller.rb:18: syntax error, unexpected `rescue', expecting `end' or dummy end
app/controllers/api/v2/balance_controller.rb:23: syntax error, unexpected end-of-input
Started GET "/api/v2/balance" for 192.168.65.1 at 2026-05-18 10:52:09 +0000
Processing by Api::V2::BalanceController#show as */*
DEPRECATION WARNING: `Rails.application.secrets` is deprecated in favor of `Rails.application.credentials` and will be removed in Rails 7.2. (called from decode_token at /rails/app/controllers/application_controller.rb:54)
  [1m[36mUser Load (0.6ms)[0m  [1m[34mSELECT "users".* FROM "users" WHERE "users"."id" = $1 LIMIT $2[0m  [["id", 1], ["LIMIT", 1]]
  ↳ app/controllers/application_controller.rb:15:in `authenticate_request!'
Completed 200 OK in 62ms (Views: 0.1ms | ActiveRecord: 18.7ms | Allocations: 6368)


Started GET "/api/v2/balance" for 192.168.65.1 at 2026-05-18 10:52:12 +0000
Processing by Api::V2::BalanceController#show as */*
DEPRECATION WARNING: `Rails.application.secrets` is deprecated in favor of `Rails.application.credentials` and will be removed in Rails 7.2. (called from decode_token at /rails/app/controllers/application_controller.rb:54)
  [1m[36mUser Load (0.5ms)[0m  [1m[34mSELECT "users".* FROM "users" WHERE "users"."id" = $1 LIMIT $2[0m  [["id", 2], ["LIMIT", 1]]
  ↳ app/controllers/application_controller.rb:15:in `authenticate_request!'
Completed 200 OK in 10ms (Views: 0.3ms | ActiveRecord: 0.5ms | Allocations: 657)


Started GET "/api/v2/balance" for 192.168.65.1 at 2026-05-18 10:52:14 +0000
Processing by Api::V2::BalanceController#show as */*
DEPRECATION WARNING: `Rails.application.secrets` is deprecated in favor of `Rails.application.credentials` and will be removed in Rails 7.2. (called from decode_token at /rails/app/controllers/application_controller.rb:54)
  [1m[36mUser Load (0.4ms)[0m  [1m[34mSELECT "users".* FROM "users" WHERE "users"."id" = $1 LIMIT $2[0m  [["id", 3], ["LIMIT", 1]]
  ↳ app/controllers/application_controller.rb:15:in `authenticate_request!'
Completed 200 OK in 3ms (Views: 0.1ms | ActiveRecord: 0.4ms | Allocations: 657)


Started GET "/api/v2/balance" for 192.168.65.1 at 2026-05-18 10:52:16 +0000
Processing by Api::V2::BalanceController#show as */*
DEPRECATION WARNING: `Rails.application.secrets` is deprecated in favor of `Rails.application.credentials` and will be removed in Rails 7.2. (called from decode_token at /rails/app/controllers/application_controller.rb:54)
  [1m[36mUser Load (0.3ms)[0m  [1m[34mSELECT "users".* FROM "users" WHERE "users"."id" = $1 LIMIT $2[0m  [["id", 1], ["LIMIT", 1]]
  ↳ app/controllers/application_controller.rb:15:in `authenticate_request!'
Completed 200 OK in 4ms (Views: 0.1ms | ActiveRecord: 0.3ms | Allocations: 636)


Started GET "/api/v2/balance" for 192.168.65.1 at 2026-05-18 10:52:17 +0000
Processing by Api::V2::BalanceController#show as */*
DEPRECATION WARNING: `Rails.application.secrets` is deprecated in favor of `Rails.application.credentials` and will be removed in Rails 7.2. (called from decode_token at /rails/app/controllers/application_controller.rb:54)
  [1m[36mUser Load (0.3ms)[0m  [1m[34mSELECT "users".* FROM "users" WHERE "users"."id" = $1 LIMIT $2[0m  [["id", 2], ["LIMIT", 1]]
  ↳ app/controllers/application_controller.rb:15:in `authenticate_request!'
Completed 200 OK in 3ms (Views: 0.1ms | ActiveRecord: 0.3ms | Allocations: 635)


Started GET "/api/v2/balance" for 192.168.65.1 at 2026-05-18 10:52:19 +0000
Processing by Api::V2::BalanceController#show as */*
DEPRECATION WARNING: `Rails.application.secrets` is deprecated in favor of `Rails.application.credentials` and will be removed in Rails 7.2. (called from decode_token at /rails/app/controllers/application_controller.rb:54)
  [1m[36mUser Load (0.2ms)[0m  [1m[34mSELECT "users".* FROM "users" WHERE "users"."id" = $1 LIMIT $2[0m  [["id", 3], ["LIMIT", 1]]
  ↳ app/controllers/application_controller.rb:15:in `authenticate_request!'
Completed 200 OK in 3ms (Views: 0.1ms | ActiveRecord: 0.2ms | Allocations: 635)


